#
# A fatal error has been detected by the Java Runtime Environment:
#
#  EXCEPTION_ACCESS_VIOLATION (0xc0000005) at pc=0x000000006f9a8ad5, pid=8528, tid=3936
#
# JRE version: Java(TM) SE Runtime Environment (8.0_73-b02) (build 1.8.0_73-b02)
# Java VM: Java HotSpot(TM) 64-Bit Server VM (25.73-b02 mixed mode windows-amd64 compressed oops)
# Problematic frame:
# V  [jvm.dll+0x128ad5]
#
# Failed to write core dump. Minidumps are not enabled by default on client versions of Windows
#
# If you would like to submit a bug report, please visit:
#   http://bugreport.java.com/bugreport/crash.jsp
#

---------------  T H R E A D  ---------------

Current thread (0x0000000018912800):  JavaThread "JDWP Transport Listener: dt_socket" daemon [_thread_in_vm, id=3936, stack(0x000000001a2c0000,0x000000001a3c0000)]

siginfo: ExceptionCode=0xc0000005, reading address 0xffffffffffffffff

Registers:
RAX=0x000000001a3bf601, RBX=0x0000000018912800, RCX=0x0b5e000000125800, RDX=0x0000000000000000
RSP=0x000000001a3bf640, RBP=0x0b5e000000125800, RSI=0x000000001a3bf758, RDI=0x00000000022e8fb0
R8 =0x0000000018912800, R9 =0x2e4e43c900060014, R10=0x0000000000000000, R11=0x000000001a3bf93c
R12=0x0000000000000000, R13=0x000000001890a028, R14=0x0000000000000000, R15=0x0000000000000000
RIP=0x000000006f9a8ad5, EFLAGS=0x0000000000010206

Top of Stack: (sp=0x000000001a3bf640)
0x000000001a3bf640:   0000000018912800 0000000018912800
0x000000001a3bf650:   000000001a3bf708 000000006fbae34b
0x000000001a3bf660:   0000000018912800 000000006fbcabad
0x000000001a3bf670:   0000000000000000 0000000050399155
0x000000001a3bf680:   0000000018a22ae0 00000000503a291e
0x000000001a3bf690:   0000000018912800 0000000000000000
0x000000001a3bf6a0:   0000000000000000 0000000000000000
0x000000001a3bf6b0:   0b5e000000125800 00000000503a1a15
0x000000001a3bf6c0:   000000001a3bf758 000000001a3bf730
0x000000001a3bf6d0:   0000000000000001 0000000018a22ae0
0x000000001a3bf6e0:   0b5e000000125800 00000000503853b3
0x000000001a3bf6f0:   000000001a3bf820 0000000000000001
0x000000001a3bf700:   0000000000000001 0000000018a22ae0
0x000000001a3bf710:   00000000f000100a 0000000000000000
0x000000001a3bf720:   0000000000000000 0000000000000000
0x000000001a3bf730:   0000000000000001 0000000050385571 

Instructions: (pc=0x000000006f9a8ad5)
0x000000006f9a8ab5:   cc cc cc cc cc cc cc cc cc cc cc 48 83 ec 28 48
0x000000006f9a8ac5:   85 c9 75 07 33 c0 48 83 c4 28 c3 48 89 5c 24 20
0x000000006f9a8ad5:   48 8b 19 48 85 db 74 20 48 83 fb 37 74 1a 48 8b
0x000000006f9a8ae5:   13 48 8b cb ff 52 10 84 c0 74 0d 48 8b c3 48 8b 


Register to memory mapping:

RAX=0x000000001a3bf601 is pointing into the stack for thread: 0x0000000018912800
RBX=0x0000000018912800 is a thread
RCX=0x0b5e000000125800 is an unknown value
RDX=0x0000000000000000 is an unknown value
RSP=0x000000001a3bf640 is pointing into the stack for thread: 0x0000000018912800
RBP=0x0b5e000000125800 is an unknown value
RSI=0x000000001a3bf758 is pointing into the stack for thread: 0x0000000018912800
RDI=0x00000000022e8fb0 is an unknown value
R8 =0x0000000018912800 is a thread
R9 =0x2e4e43c900060014 is an unknown value
R10=0x0000000000000000 is an unknown value
R11=0x000000001a3bf93c is pointing into the stack for thread: 0x0000000018912800
R12=0x0000000000000000 is an unknown value
R13=0x000000001890a028 is an unknown value
R14=0x0000000000000000 is an unknown value
R15=0x0000000000000000 is an unknown value


Stack: [0x000000001a2c0000,0x000000001a3c0000],  sp=0x000000001a3bf640,  free space=1021k
Native frames: (J=compiled Java code, j=interpreted, Vv=VM code, C=native code)
V  [jvm.dll+0x128ad5]
V  [jvm.dll+0x34abad]
C  [jdwp.dll+0x21a15]
C  [jdwp.dll+0x53b3]
C  [jdwp.dll+0x5571]
C  [jdwp.dll+0xf0a8]
C  [jdwp.dll+0x1f2d5]
C  [jdwp.dll+0x1f4aa]
V  [jvm.dll+0x1bbb58]
V  [jvm.dll+0x243234]
V  [jvm.dll+0x29a10a]
C  [msvcr100.dll+0x21d9f]
C  [msvcr100.dll+0x21e3b]
C  [kernel32.dll+0x159ed]
C  [ntdll.dll+0x2c541]


---------------  P R O C E S S  ---------------

Java Threads: ( => current thread )
  0x00000000189c6800 JavaThread "Service Thread" daemon [_thread_blocked, id=8616, stack(0x000000001abc0000,0x000000001acc0000)]
  0x000000001894a000 JavaThread "C1 CompilerThread3" daemon [_thread_blocked, id=8208, stack(0x000000001a170000,0x000000001a270000)]
  0x000000001893f800 JavaThread "C2 CompilerThread2" daemon [_thread_blocked, id=9160, stack(0x000000001a9c0000,0x000000001aac0000)]
  0x000000001893a800 JavaThread "C2 CompilerThread1" daemon [_thread_blocked, id=8656, stack(0x000000001a7f0000,0x000000001a8f0000)]
  0x0000000018931800 JavaThread "C2 CompilerThread0" daemon [_thread_blocked, id=7904, stack(0x000000001a640000,0x000000001a740000)]
  0x000000001891a800 JavaThread "JDWP Command Reader" daemon [_thread_in_native, id=3228, stack(0x000000001a530000,0x000000001a630000)]
  0x0000000018919800 JavaThread "JDWP Event Helper Thread" daemon [_thread_blocked, id=9140, stack(0x000000001a430000,0x000000001a530000)]
=>0x0000000018912800 JavaThread "JDWP Transport Listener: dt_socket" daemon [_thread_in_vm, id=3936, stack(0x000000001a2c0000,0x000000001a3c0000)]
  0x0000000018903000 JavaThread "Attach Listener" daemon [_thread_blocked, id=9096, stack(0x0000000019fd0000,0x000000001a0d0000)]
  0x0000000018902000 JavaThread "Signal Dispatcher" daemon [_thread_blocked, id=4776, stack(0x0000000019de0000,0x0000000019ee0000)]
  0x0000000017b7f800 JavaThread "Finalizer" daemon [_thread_blocked, id=8300, stack(0x0000000019c70000,0x0000000019d70000)]
  0x0000000017b78800 JavaThread "Reference Handler" daemon [_thread_blocked, id=3796, stack(0x0000000019a70000,0x0000000019b70000)]
  0x00000000022ef800 JavaThread "main" [_thread_blocked, id=8268, stack(0x0000000002420000,0x0000000002520000)]

Other Threads:
  0x0000000017b71800 VMThread [stack: 0x0000000019810000,0x0000000019910000] [id=8736]
  0x0000000018926800 WatcherThread [stack: 0x000000001ad10000,0x000000001ae10000] [id=4572]

VM state:not at safepoint (normal execution)

VM Mutex/Monitor currently owned by a thread: None

Heap:
 PSYoungGen      total 37888K, used 4588K [0x00000000d6600000, 0x00000000d9000000, 0x0000000100000000)
  eden space 32768K, 14% used [0x00000000d6600000,0x00000000d6a7b020,0x00000000d8600000)
  from space 5120K, 0% used [0x00000000d8b00000,0x00000000d8b00000,0x00000000d9000000)
  to   space 5120K, 0% used [0x00000000d8600000,0x00000000d8600000,0x00000000d8b00000)
 ParOldGen       total 86016K, used 0K [0x0000000083200000, 0x0000000088600000, 0x00000000d6600000)
  object space 86016K, 0% used [0x0000000083200000,0x0000000083200000,0x0000000088600000)
 Metaspace       used 4599K, capacity 4864K, committed 4992K, reserved 1056768K
  class space    used 534K, capacity 602K, committed 640K, reserved 1048576K

Card table byte_map: [0x0000000011bb0000,0x0000000011fa0000] byte_map_base: 0x0000000011797000

Marking Bits: (ParMarkBitMap*) 0x0000000070090600
 Begin Bits: [0x0000000012f30000, 0x0000000014e68000)
 End Bits:   [0x0000000014e68000, 0x0000000016da0000)

Polling page: 0x0000000001b60000

CodeCache: size=245760Kb used=1542Kb max_used=1542Kb free=244217Kb
 bounds [0x00000000027f0000, 0x0000000002a60000, 0x00000000117f0000]
 total_blobs=508 nmethods=250 adapters=179
 compilation: enabled

Compilation events (10 events):
Event: 2.149 Thread 0x000000001894a000  246       3       sun.invoke.util.Wrapper::forBasicType (16 bytes)
Event: 2.149 Thread 0x000000001894a000 nmethod 246 0x000000000296fc50 code [0x000000000296fdc0, 0x0000000002970038]
Event: 2.149 Thread 0x000000001894a000  247       1       java.lang.invoke.MethodTypeForm::basicType (5 bytes)
Event: 2.149 Thread 0x000000001894a000 nmethod 247 0x000000000296f990 code [0x000000000296fae0, 0x000000000296fbf0]
Event: 2.150 Thread 0x000000001894a000  248       3       java.util.concurrent.ConcurrentHashMap::addCount (292 bytes)
Event: 2.151 Thread 0x000000001894a000 nmethod 248 0x000000000296e550 code [0x000000000296e760, 0x000000000296f348]
Event: 2.151 Thread 0x000000001894a000  249       3       sun.invoke.util.BytecodeDescriptor::unparseSig (75 bytes)
Event: 2.151 Thread 0x000000001894a000 nmethod 249 0x00000000029715d0 code [0x0000000002971840, 0x0000000002972a08]
Event: 2.151 Thread 0x000000001894a000  250       3       jdk.internal.org.objectweb.asm.ClassWriter::put122 (15 bytes)
Event: 2.151 Thread 0x000000001894a000 nmethod 250 0x000000000296e090 code [0x000000000296e200, 0x000000000296e418]

GC Heap History (0 events):
No events

Deoptimization events (0 events):
No events

Internal exceptions (8 events):
Event: 0.029 Thread 0x00000000022ef800 Exception <a 'java/lang/NoSuchMethodError': Method sun.misc.Unsafe.defineClass(Ljava/lang/String;[BII)Ljava/lang/Class; name or signature does not match> (0x00000000d660def0) thrown at [D:\re\puppet\workspace\8-2-build-windows-amd64-cygwin\jdk8u73\6086\hotîâ(YÖKù?
Event: 0.029 Thread 0x00000000022ef800 Exception <a 'java/lang/NoSuchMethodError': Method sun.misc.Unsafe.prefetchRead(Ljava/lang/Object;J)V name or signature does not match> (0x00000000d660e1d8) thrown at [D:\re\puppet\workspace\8-2-build-windows-amd64-cygwin\jdk8u73\6086\hotspot\src\share\vm\çBU√?
Event: 0.151 Thread 0x00000000022ef800 Exception <a 'java/security/PrivilegedActionException'> (0x00000000d68a9ed8) thrown at [D:\re\puppet\workspace\8-2-build-windows-amd64-cygwin\jdk8u73\6086\hotspot\src\share\vm\prims\jvm.cpp, line 1386]
Event: 0.151 Thread 0x00000000022ef800 Exception <a 'java/security/PrivilegedActionException'> (0x00000000d68aa2d0) thrown at [D:\re\puppet\workspace\8-2-build-windows-amd64-cygwin\jdk8u73\6086\hotspot\src\share\vm\prims\jvm.cpp, line 1386]
Event: 0.152 Thread 0x00000000022ef800 Exception <a 'java/security/PrivilegedActionException'> (0x00000000d68ae300) thrown at [D:\re\puppet\workspace\8-2-build-windows-amd64-cygwin\jdk8u73\6086\hotspot\src\share\vm\prims\jvm.cpp, line 1386]
Event: 0.152 Thread 0x00000000022ef800 Exception <a 'java/security/PrivilegedActionException'> (0x00000000d68ae6f8) thrown at [D:\re\puppet\workspace\8-2-build-windows-amd64-cygwin\jdk8u73\6086\hotspot\src\share\vm\prims\jvm.cpp, line 1386]
Event: 2.134 Thread 0x00000000022ef800 Exception <a 'java/lang/NoSuchFieldError': method resolution failed> (0x00000000d699ca30) thrown at [D:\re\puppet\workspace\8-2-build-windows-amd64-cygwin\jdk8u73\6086\hotspot\src\share\vm\prims\methodHandles.cpp, line 1146]
Event: 2.135 Thread 0x00000000022ef800 Exception <a 'java/lang/NoSuchFieldError': method resolution failed> (0x00000000d69a9e00) thrown at [D:\re\puppet\workspace\8-2-build-windows-amd64-cygwin\jdk8u73\6086\hotspot\src\share\vm\prims\methodHandles.cpp, line 1146]

Events (10 events):
Event: 2389.745 Executing VM operation: ChangeBreakpoints
Event: 2389.746 Executing VM operation: ChangeBreakpoints done
Event: 2447.578 Executing VM operation: ChangeBreakpoints
Event: 2447.578 Executing VM operation: ChangeBreakpoints done
Event: 2593.246 Executing VM operation: ChangeBreakpoints
Event: 2593.246 Executing VM operation: ChangeBreakpoints done
Event: 2875.278 Executing VM operation: ChangeBreakpoints
Event: 2875.279 Executing VM operation: ChangeBreakpoints done
Event: 2904.453 Executing VM operation: RedefineClasses
Event: 2904.455 Executing VM operation: RedefineClasses done


Dynamic libraries:
0x000000013f680000 - 0x000000013f6b7000 	C:\Program Files\Java\jdk1.8.0_73\bin\java.exe
0x0000000077550000 - 0x00000000776f9000 	C:\Windows\SYSTEM32\ntdll.dll
0x0000000077430000 - 0x000000007754f000 	C:\Windows\system32\kernel32.dll
0x000007fefd660000 - 0x000007fefd6cc000 	C:\Windows\system32\KERNELBASE.dll
0x000007feff0b0000 - 0x000007feff18b000 	C:\Windows\system32\ADVAPI32.dll
0x000007feff1a0000 - 0x000007feff23f000 	C:\Windows\system32\msvcrt.dll
0x000007fefd950000 - 0x000007fefd96f000 	C:\Windows\SYSTEM32\sechost.dll
0x000007fefe950000 - 0x000007fefea7d000 	C:\Windows\system32\RPCRT4.dll
0x0000000077330000 - 0x000000007742a000 	C:\Windows\system32\USER32.dll
0x000007fefd8e0000 - 0x000007fefd947000 	C:\Windows\system32\GDI32.dll
0x000007feff190000 - 0x000007feff19e000 	C:\Windows\system32\LPK.dll
0x000007feff790000 - 0x000007feff859000 	C:\Windows\system32\USP10.dll
0x000007fefbd50000 - 0x000007fefbf44000 	C:\Windows\WinSxS\amd64_microsoft.windows.common-controls_6595b64144ccf1df_6.0.7601.17514_none_fa396087175ac9ac\COMCTL32.dll
0x000007fefeeb0000 - 0x000007fefef21000 	C:\Windows\system32\SHLWAPI.dll
0x000007fefec70000 - 0x000007fefec9e000 	C:\Windows\system32\IMM32.DLL
0x000007fefeb60000 - 0x000007fefec69000 	C:\Windows\system32\MSCTF.dll
0x00000000503c0000 - 0x0000000050492000 	C:\Program Files\Java\jdk1.8.0_73\jre\bin\msvcr100.dll
0x000000006f880000 - 0x0000000070110000 	C:\Program Files\Java\jdk1.8.0_73\jre\bin\server\jvm.dll
0x000007fef6e90000 - 0x000007fef6e99000 	C:\Windows\system32\WSOCK32.dll
0x000007fefefb0000 - 0x000007fefeffd000 	C:\Windows\system32\WS2_32.dll
0x000007feff000000 - 0x000007feff008000 	C:\Windows\system32\NSI.dll
0x000007fef9440000 - 0x000007fef947b000 	C:\Windows\system32\WINMM.dll
0x000007fefc3e0000 - 0x000007fefc3ec000 	C:\Windows\system32\VERSION.dll
0x0000000077710000 - 0x0000000077717000 	C:\Windows\system32\PSAPI.DLL
0x0000000050570000 - 0x000000005057f000 	C:\Program Files\Java\jdk1.8.0_73\jre\bin\verify.dll
0x0000000050540000 - 0x0000000050569000 	C:\Program Files\Java\jdk1.8.0_73\jre\bin\java.dll
0x0000000050380000 - 0x00000000503b5000 	C:\Program Files\Java\jdk1.8.0_73\jre\bin\jdwp.dll
0x00000000504c0000 - 0x00000000504c8000 	C:\Program Files\Java\jdk1.8.0_73\jre\bin\npt.dll
0x0000000050520000 - 0x0000000050536000 	C:\Program Files\Java\jdk1.8.0_73\jre\bin\zip.dll
0x000007fefd970000 - 0x000007fefe6f9000 	C:\Windows\system32\SHELL32.dll
0x000007fefeca0000 - 0x000007fefeea3000 	C:\Windows\system32\ole32.dll
0x000007fefd310000 - 0x000007fefd31f000 	C:\Windows\system32\profapi.dll
0x00000000504b0000 - 0x00000000504b9000 	C:\Program Files\Java\jdk1.8.0_73\jre\bin\dt_socket.dll
0x000007fefcab0000 - 0x000007fefcb05000 	C:\Windows\system32\mswsock.dll
0x000007fefc4b0000 - 0x000007fefc4b7000 	C:\Windows\System32\wshtcpip.dll
0x000007fee4e50000 - 0x000007fee4f75000 	C:\Windows\system32\dbghelp.dll

VM Arguments:
jvm_args: -agentlib:jdwp=transport=dt_socket,address=127.0.0.1:55472,suspend=y,server=n -Dfile.encoding=UTF-8 
java_command: ex27_AverageGrades
java_class_path (initial): C:\Program Files\Java\jdk1.8.0_73\jre\lib\charsets.jar;C:\Program Files\Java\jdk1.8.0_73\jre\lib\deploy.jar;C:\Program Files\Java\jdk1.8.0_73\jre\lib\ext\access-bridge-64.jar;C:\Program Files\Java\jdk1.8.0_73\jre\lib\ext\cldrdata.jar;C:\Program Files\Java\jdk1.8.0_73\jre\lib\ext\dnsns.jar;C:\Program Files\Java\jdk1.8.0_73\jre\lib\ext\jaccess.jar;C:\Program Files\Java\jdk1.8.0_73\jre\lib\ext\jfxrt.jar;C:\Program Files\Java\jdk1.8.0_73\jre\lib\ext\localedata.jar;C:\Program Files\Java\jdk1.8.0_73\jre\lib\ext\nashorn.jar;C:\Program Files\Java\jdk1.8.0_73\jre\lib\ext\sunec.jar;C:\Program Files\Java\jdk1.8.0_73\jre\lib\ext\sunjce_provider.jar;C:\Program Files\Java\jdk1.8.0_73\jre\lib\ext\sunmscapi.jar;C:\Program Files\Java\jdk1.8.0_73\jre\lib\ext\sunpkcs11.jar;C:\Program Files\Java\jdk1.8.0_73\jre\lib\ext\zipfs.jar;C:\Program Files\Java\jdk1.8.0_73\jre\lib\javaws.jar;C:\Program Files\Java\jdk1.8.0_73\jre\lib\jce.jar;C:\Program Files\Java\jdk1.8.0_73\jre\lib\jfr.jar;C:\Program Files\Java\jdk1.8.0_73\jre\lib\jfxswt.jar;C:\Program Files\Java\jdk1.8.0_73\jre\lib\jsse.jar;C:\Program Files\Java\jdk1.8.0_73\jre\lib\management-agent.jar;C:\Program Files\Java\jdk1.8.0_73\jre\lib\plugin.jar;C:\Program Files\Java\jdk1.8.0_73\jre\lib\resources.jar;C:\Program Files\Java\jdk1.8.0_73\jre\lib\rt.jar;D:\Coding\SoftwareTechnologies\Java\JavaBasicsExercises\out\production\JavaBasicsExercises;D:\Coding\JAVA\IntelliJ IDEA Community Edition 15.0.4\lib\idea_rt.jar
Launcher Type: SUN_STANDARD

Environment Variables:
PATH=C:\ProgramData\Oracle\Java\javapath;C:\Windows\system32;C:\Windows;C:\Windows\System32\Wbem;C:\Windows\System32\WindowsPowerShell\v1.0\;C:\Program Files\Intel\WiFi\bin\;C:\Program Files\Common Files\Intel\WirelessCommon\;C:\Program Files (x86)\NVIDIA Corporation\PhysX\Common;C:\Windows\system32\config\systemprofile\.dnx\bin;C:\Program Files\Microsoft DNX\Dnvm\;C:\Program Files (x86)\Skype\Phone\;C:\Program Files\TortoiseSVN\bin;C:\Program Files\TortoiseGit\bin;C:\Program Files\Microsoft SQL Server\130\Tools\Binn\;D:\Coding\Node JS\;C:\Program Files (x86)\Microsoft SQL Server\Client SDK\ODBC\130\Tools\Binn\;C:\Program Files (x86)\Microsoft SQL Server\130\Tools\Binn\;C:\Program Files (x86)\Microsoft SQL Server\130\DTS\Binn\;C:\Program Files (x86)\Microsoft SQL Server\130\Tools\Binn\ManagementStudio\;C:\Program Files\Intel\WiFi\bin\;C:\Program Files\Common Files\Intel\WirelessCommon\;C:\Users\Mitko\AppData\Roaming\npm
USERNAME=Mitko
OS=Windows_NT
PROCESSOR_IDENTIFIER=Intel64 Family 6 Model 60 Stepping 3, GenuineIntel



---------------  S Y S T E M  ---------------

OS: Windows 7 , 64 bit Build 7601 (6.1.7601.18409)

CPU:total 8 (4 cores per cpu, 2 threads per core) family 6 model 60 stepping 3, cmov, cx8, fxsr, mmx, sse, sse2, sse3, ssse3, sse4.1, sse4.2, popcnt, avx, avx2, aes, clmul, erms, lzcnt, ht, tsc, tscinvbit, bmi1, bmi2

Memory: 4k page, physical 8182128k(2859416k free), swap 16362400k(8823748k free)

vm_info: Java HotSpot(TM) 64-Bit Server VM (25.73-b02) for windows-amd64 JRE (1.8.0_73-b02), built on Jan 29 2016 17:38:49 by "java_re" with MS VC++ 10.0 (VS2010)

time: Sun Jul 31 11:50:17 2016
elapsed time: 2904 seconds (0d 0h 48m 24s)

